<?xml version="1.0" encoding="UTF-8"?>
<!-- Generated by org.testng.reporters.JUnitReportReporter -->
<testsuite hostname="DESKTOP-435L2RI" failures="0" tests="2" name="selenium_git.practice2test" time="0.056" errors="0" timestamp="20 Jul 2022 07:43:29 GMT">
  <testcase classname="selenium_git.practice2test" name="demo2" time="0.027"/>
  <testcase classname="selenium_git.practice2test" name="demo1" time="0.029"/>
</testsuite> <!-- selenium_git.practice2test -->
