<?xml version="1.0" encoding="UTF-8"?>
<!-- Generated by org.testng.reporters.JUnitReportReporter -->
<testsuite hostname="DESKTOP-435L2RI" failures="0" tests="2" name="selenium_git.Practicetest" time="0.057" errors="0" timestamp="20 Jul 2022 07:43:29 GMT">
  <testcase classname="selenium_git.Practicetest" name="demo" time="0.029"/>
  <testcase classname="selenium_git.Practicetest" name="demo2" time="0.028"/>
</testsuite> <!-- selenium_git.Practicetest -->
